[10-03-2024 12-03-34] INFO: Listening on localhost port 3000
[10-03-2024 12-03-34] INFO: Documentation available at http://localhost:3000/docs
[10-03-2024 12-03-05] INFO: Listening on localhost port 3000
[10-03-2024 12-03-05] INFO: Documentation available at http://localhost:3000/docs
[10-03-2024 12-03-09] INFO: Listening on localhost port 3000
[10-03-2024 12-03-09] INFO: Documentation available at http://localhost:3000/docs
[10-03-2024 01-03-03] INFO: Listening on localhost port 3000
[10-03-2024 01-03-03] INFO: Documentation available at http://localhost:3000/docs
[10-03-2024 01-03-16] INFO: Listening on localhost port 3000
[10-03-2024 01-03-16] INFO: Documentation available at http://localhost:3000/docs
[10-03-2024 01-03-24] INFO: Listening on localhost port 3000
[10-03-2024 01-03-24] INFO: Documentation available at http://localhost:3000/docs
[10-03-2024 01-03-08] INFO: Successfully connected to postgres db
[10-03-2024 01-03-08] INFO: Connected to postgres terminated
[10-03-2024 01-03-08] INFO: Calculated total renevue from orders
[10-03-2024 01-03-55] INFO: Successfully connected to postgres db
[10-03-2024 01-03-55] INFO: Connected to postgres terminated
[10-03-2024 01-03-55] INFO: compared sales performance of products
[10-03-2024 01-03-48] INFO: Successfully connected to postgres db
[10-03-2024 01-03-48] INFO: Connected to postgres terminated
[10-03-2024 01-03-31] ERROR: Can't find /analytics/calculate-sales-performance-in%20different-regions on this server
[10-03-2024 01-03-52] INFO: Listening on localhost port 3000
[10-03-2024 01-03-52] INFO: Documentation available at http://localhost:3000/docs
[10-03-2024 01-03-56] ERROR: Can't find /analytics/calculate-sales-performance-in%20different-regions on this server
[10-03-2024 01-03-57] ERROR: Can't find /analytics/calculate-sales-performance-in%20different-regions on this server
[10-03-2024 01-03-01] INFO: Successfully connected to postgres db
[10-03-2024 01-03-01] INFO: Connected to postgres terminated
[10-03-2024 01-03-01] INFO: Calculated sales performance in different regions
[10-03-2024 01-03-14] INFO: Listening on localhost port 3000
[10-03-2024 01-03-14] INFO: Documentation available at http://localhost:3000/docs
[10-03-2024 01-03-26] INFO: Listening on localhost port 3000
[10-03-2024 01-03-26] INFO: Documentation available at http://localhost:3000/docs
[10-03-2024 01-03-27] INFO: Listening on localhost port 3000
[10-03-2024 01-03-27] INFO: Documentation available at http://localhost:3000/docs
[10-03-2024 01-03-58] INFO: Listening on localhost port 3000
[10-03-2024 01-03-58] INFO: Documentation available at http://localhost:3000/docs
